# JRE version: Java(TM) SE Runtime Environment (8.0_291-b10) (build 1.8.0_291-b10)
# Java VM: Java HotSpot(TM) 64-Bit Server VM (25.291-b10 mixed mode windows-amd64 compressed oops)
Heap:
 PSYoungGen      total 1169408K, used 1082368K [0x000000076c400000, 0x00000007bba80000, 0x00000007c0000000)
  eden space 1082368K, 100% used [0x000000076c400000,0x00000007ae500000,0x00000007ae500000)
  from space 87040K, 0% used [0x00000007ae500000,0x00000007ae500000,0x00000007b3a00000)
  to   space 64000K, 99% used [0x00000007b3a00000,0x00000007b7878040,0x00000007b7880000)
 ParOldGen       total 502272K, used 502264K [0x00000006c4c00000, 0x00000006e3680000, 0x000000076c400000)
  object space 502272K, 99% used [0x00000006c4c00000,0x00000006e367e1b8,0x00000006e3680000)
 Metaspace       used 112343K, capacity 125670K, committed 132288K, reserved 1163264K
  class space    used 15553K, capacity 16898K, committed 18176K, reserved 1048576K
GC Heap History (10 events):
Event: 406.236 GC heap after
Heap after GC invocations=41 (full 8):
 PSYoungGen      total 1169408K, used 141739K [0x000000076c400000, 0x00000007bba80000, 0x00000007c0000000)
  eden space 1082368K, 13% used [0x000000076c400000,0x0000000774e6ad88,0x00000007ae500000)
  from space 87040K, 0% used [0x00000007ae500000,0x00000007ae500000,0x00000007b3a00000)
  to   space 64000K, 0% used [0x00000007b3a00000,0x00000007b3a00000,0x00000007b7880000)
 ParOldGen       total 398336K, used 398310K [0x00000006c4c00000, 0x00000006dd100000, 0x000000076c400000)
  object space 398336K, 99% used [0x00000006c4c00000,0x00000006dd0f9940,0x00000006dd100000)
 Metaspace       used 111087K, capacity 124036K, committed 131520K, reserved 1163264K
  class space    used 15367K, capacity 16688K, committed 18176K, reserved 1048576K
}
Event: 406.815 GC heap before
{Heap before GC invocations=42 (full 9):
 PSYoungGen      total 1169408K, used 1082368K [0x000000076c400000, 0x00000007bba80000, 0x00000007c0000000)
  eden space 1082368K, 100% used [0x000000076c400000,0x00000007ae500000,0x00000007ae500000)
  from space 87040K, 0% used [0x00000007ae500000,0x00000007ae500000,0x00000007b3a00000)
  to   space 64000K, 0% used [0x00000007b3a00000,0x00000007b3a00000,0x00000007b7880000)
 ParOldGen       total 398336K, used 398310K [0x00000006c4c00000, 0x00000006dd100000, 0x000000076c400000)
  object space 398336K, 99% used [0x00000006c4c00000,0x00000006dd0f9940,0x00000006dd100000)
 Metaspace       used 111087K, capacity 124036K, committed 131520K, reserved 1163264K
  class space    used 15367K, capacity 16688K, committed 18176K, reserved 1048576K
Event: 407.618 GC heap after
Heap after GC invocations=42 (full 9):
 PSYoungGen      total 1169408K, used 191708K [0x000000076c400000, 0x00000007bba80000, 0x00000007c0000000)
  eden space 1082368K, 17% used [0x000000076c400000,0x0000000777f372a0,0x00000007ae500000)
  from space 87040K, 0% used [0x00000007ae500000,0x00000007ae500000,0x00000007b3a00000)
  to   space 64000K, 0% used [0x00000007b3a00000,0x00000007b3a00000,0x00000007b7880000)
 ParOldGen       total 398336K, used 398310K [0x00000006c4c00000, 0x00000006dd100000, 0x000000076c400000)
  object space 398336K, 99% used [0x00000006c4c00000,0x00000006dd0f9810,0x00000006dd100000)
 Metaspace       used 111087K, capacity 124036K, committed 131520K, reserved 1163264K
  class space    used 15367K, capacity 16688K, committed 18176K, reserved 1048576K
}
Event: 408.287 GC heap before
{Heap before GC invocations=43 (full 10):
 PSYoungGen      total 1169408K, used 1082368K [0x000000076c400000, 0x00000007bba80000, 0x00000007c0000000)
  eden space 1082368K, 100% used [0x000000076c400000,0x00000007ae500000,0x00000007ae500000)
  from space 87040K, 0% used [0x00000007ae500000,0x00000007ae500000,0x00000007b3a00000)
  to   space 64000K, 0% used [0x00000007b3a00000,0x00000007b3a00000,0x00000007b7880000)
 ParOldGen       total 398336K, used 398310K [0x00000006c4c00000, 0x00000006dd100000, 0x000000076c400000)
  object space 398336K, 99% used [0x00000006c4c00000,0x00000006dd0f9810,0x00000006dd100000)
 Metaspace       used 111123K, capacity 124076K, committed 131520K, reserved 1163264K
  class space    used 15375K, capacity 16694K, committed 18176K, reserved 1048576K
Event: 409.299 GC heap after
Heap after GC invocations=43 (full 10):
 PSYoungGen      total 1169408K, used 235223K [0x000000076c400000, 0x00000007bba80000, 0x00000007c0000000)
  eden space 1082368K, 21% used [0x000000076c400000,0x000000077a9b5d70,0x00000007ae500000)
  from space 87040K, 0% used [0x00000007ae500000,0x00000007ae500000,0x00000007b3a00000)
  to   space 64000K, 0% used [0x00000007b3a00000,0x00000007b3a00000,0x00000007b7880000)
 ParOldGen       total 398336K, used 398179K [0x00000006c4c00000, 0x00000006dd100000, 0x000000076c400000)
  object space 398336K, 99% used [0x00000006c4c00000,0x00000006dd0d8ff0,0x00000006dd100000)
 Metaspace       used 111123K, capacity 124076K, committed 131520K, reserved 1163264K
  class space    used 15375K, capacity 16694K, committed 18176K, reserved 1048576K
}
Event: 410.244 GC heap before
{Heap before GC invocations=44 (full 11):
 PSYoungGen      total 1169408K, used 1082368K [0x000000076c400000, 0x00000007bba80000, 0x00000007c0000000)
  eden space 1082368K, 100% used [0x000000076c400000,0x00000007ae500000,0x00000007ae500000)
  from space 87040K, 0% used [0x00000007ae500000,0x00000007ae500000,0x00000007b3a00000)
  to   space 64000K, 0% used [0x00000007b3a00000,0x00000007b3a00000,0x00000007b7880000)
 ParOldGen       total 398336K, used 398179K [0x00000006c4c00000, 0x00000006dd100000, 0x000000076c400000)
  object space 398336K, 99% used [0x00000006c4c00000,0x00000006dd0d8ff0,0x00000006dd100000)
 Metaspace       used 111278K, capacity 124242K, committed 131520K, reserved 1163264K
  class space    used 15386K, capacity 16703K, committed 18176K, reserved 1048576K
Event: 411.589 GC heap after
Heap after GC invocations=44 (full 11):
 PSYoungGen      total 1169408K, used 249289K [0x000000076c400000, 0x00000007bba80000, 0x00000007c0000000)
  eden space 1082368K, 23% used [0x000000076c400000,0x000000077b772720,0x00000007ae500000)
  from space 87040K, 0% used [0x00000007ae500000,0x00000007ae500000,0x00000007b3a00000)
  to   space 64000K, 0% used [0x00000007b3a00000,0x00000007b3a00000,0x00000007b7880000)
 ParOldGen       total 398336K, used 398301K [0x00000006c4c00000, 0x00000006dd100000, 0x000000076c400000)
  object space 398336K, 99% used [0x00000006c4c00000,0x00000006dd0f7630,0x00000006dd100000)
 Metaspace       used 111278K, capacity 124242K, committed 131520K, reserved 1163264K
  class space    used 15386K, capacity 16703K, committed 18176K, reserved 1048576K
}
Event: 414.748 GC heap before
{Heap before GC invocations=45 (full 12):
 PSYoungGen      total 1169408K, used 1082368K [0x000000076c400000, 0x00000007bba80000, 0x00000007c0000000)
  eden space 1082368K, 100% used [0x000000076c400000,0x00000007ae500000,0x00000007ae500000)
  from space 87040K, 0% used [0x00000007ae500000,0x00000007ae500000,0x00000007b3a00000)
  to   space 64000K, 0% used [0x00000007b3a00000,0x00000007b3a00000,0x00000007b7880000)
 ParOldGen       total 398336K, used 398301K [0x00000006c4c00000, 0x00000006dd100000, 0x000000076c400000)
  object space 398336K, 99% used [0x00000006c4c00000,0x00000006dd0f7630,0x00000006dd100000)
 Metaspace       used 112471K, capacity 125936K, committed 132288K, reserved 1163264K
  class space    used 15597K, capacity 16956K, committed 18176K, reserved 1048576K
Event: 415.285 GC heap after
Heap after GC invocations=45 (full 12):
 PSYoungGen      total 1169408K, used 0K [0x000000076c400000, 0x00000007bba80000, 0x00000007c0000000)
  eden space 1082368K, 0% used [0x000000076c400000,0x000000076c400000,0x00000007ae500000)
  from space 87040K, 0% used [0x00000007ae500000,0x00000007ae500000,0x00000007b3a00000)
  to   space 64000K, 0% used [0x00000007b3a00000,0x00000007b3a00000,0x00000007b7880000)
 ParOldGen       total 398336K, used 235024K [0x00000006c4c00000, 0x00000006dd100000, 0x000000076c400000)
  object space 398336K, 59% used [0x00000006c4c00000,0x00000006d31841b8,0x00000006dd100000)
 Metaspace       used 112342K, capacity 125670K, committed 132288K, reserved 1163264K
  class space    used 15553K, capacity 16898K, committed 18176K, reserved 1048576K
}
Event: 416.751 GC heap before
{Heap before GC invocations=46 (full 12):
 PSYoungGen      total 1169408K, used 1082368K [0x000000076c400000, 0x00000007bba80000, 0x00000007c0000000)
  eden space 1082368K, 100% used [0x000000076c400000,0x00000007ae500000,0x00000007ae500000)
  from space 87040K, 0% used [0x00000007ae500000,0x00000007ae500000,0x00000007b3a00000)
  to   space 64000K, 0% used [0x00000007b3a00000,0x00000007b3a00000,0x00000007b7880000)
 ParOldGen       total 398336K, used 235024K [0x00000006c4c00000, 0x00000006dd100000, 0x000000076c400000)
  object space 398336K, 59% used [0x00000006c4c00000,0x00000006d31841b8,0x00000006dd100000)
 Metaspace       used 112343K, capacity 125670K, committed 132288K, reserved 1163264K
  class space    used 15553K, capacity 16898K, committed 18176K, reserved 1048576K

